<?xml version="1.0" encoding="UTF-8"?>
<!-- Generated by org.testng.reporters.JUnitXMLReporter -->
<testsuite hostname="SST-LAP-LEN0034" name="Test" tests="3" failures="0" timestamp="25 Jan 2020 20:53:14 GMT" time="23.028" errors="0">
  <testcase name="test1" time="3.273" classname="com.practice.test.ExtentReportsDemoTestNG"/>
  <testcase name="googleSearchTest" time="8.789" classname="com.practice.test.GoogleSearchPageTest"/>
  <testcase name="test2" time="6.093" classname="com.practice.test.ExtentReportsDemoTestNG"/>
</testsuite> <!-- Test -->
