<?xml version="1.0" encoding="UTF-8"?>
<testng-results skipped="0" failed="0" total="1" passed="1">
  <reporter-output>
  </reporter-output>
  <suite name="Default suite" duration-ms="16829" started-at="2020-01-26T18:49:34Z" finished-at="2020-01-26T18:49:51Z">
    <groups>
    </groups>
    <test name="Default test" duration-ms="16829" started-at="2020-01-26T18:49:34Z" finished-at="2020-01-26T18:49:51Z">
      <class name="com.practice.test.ExtentReportsDemoTestNG">
        <test-method status="PASS" signature="setup()[pri:0, instance:com.practice.test.ExtentReportsDemoTestNG@6b71769e]" name="setup" is-config="true" duration-ms="233" started-at="2020-01-27T00:19:34Z" finished-at="2020-01-27T00:19:34Z">
          <reporter-output>
          </reporter-output>
        </test-method> <!-- setup -->
        <test-method status="PASS" signature="setupTest()[pri:0, instance:com.practice.test.ExtentReportsDemoTestNG@6b71769e]" name="setupTest" is-config="true" duration-ms="4207" started-at="2020-01-27T00:19:34Z" finished-at="2020-01-27T00:19:38Z">
          <reporter-output>
          </reporter-output>
        </test-method> <!-- setupTest -->
        <test-method status="PASS" signature="test1()[pri:0, instance:com.practice.test.ExtentReportsDemoTestNG@6b71769e]" name="test1" duration-ms="9820" started-at="2020-01-27T00:19:38Z" finished-at="2020-01-27T00:19:48Z">
          <reporter-output>
          </reporter-output>
        </test-method> <!-- test1 -->
        <test-method status="PASS" signature="tearDownTest()[pri:0, instance:com.practice.test.ExtentReportsDemoTestNG@6b71769e]" name="tearDownTest" is-config="true" duration-ms="2781" started-at="2020-01-27T00:19:48Z" finished-at="2020-01-27T00:19:51Z">
          <reporter-output>
          </reporter-output>
        </test-method> <!-- tearDownTest -->
        <test-method status="PASS" signature="tearDown()[pri:0, instance:com.practice.test.ExtentReportsDemoTestNG@6b71769e]" name="tearDown" is-config="true" duration-ms="398" started-at="2020-01-27T00:19:51Z" finished-at="2020-01-27T00:19:51Z">
          <reporter-output>
          </reporter-output>
        </test-method> <!-- tearDown -->
      </class> <!-- com.practice.test.ExtentReportsDemoTestNG -->
    </test> <!-- Default test -->
  </suite> <!-- Default suite -->
</testng-results>
